2017-12-15 11:58:47 INFO  WeblogicDeployer:42 - 
	 About to connect to WLS...
2017-12-15 11:59:34 ERROR WeblogicDeployer:49 - There was an error during the execution of the operation 
	
javax.enterprise.deploy.spi.exceptions.DeploymentManagerCreationException: t3://cu-env-wls-3.eastus.cloudapp.azure.com:7001: Destination 52.170.213.186, 7001 unreachable; nested exception is: 
	java.net.ConnectException: Connection timed out: connect; No available router to destination
	at weblogic.deploy.api.spi.deploy.WebLogicDeploymentManagerImpl.<init>(WebLogicDeploymentManagerImpl.java:137)
	at weblogic.deploy.api.spi.factories.internal.DeploymentFactoryImpl.getDeploymentManager(DeploymentFactoryImpl.java:86)
	at weblogic.deploy.api.tools.SessionHelper.getRemoteDeploymentManager(SessionHelper.java:530)
	at utility.WeblogicDeployer.prepareExecutionData(WeblogicDeployer.java:61)
	at utility.WeblogicDeployer.executeApplication(WeblogicDeployer.java:44)
	at app.MainProgram.main(MainProgram.java:9)
	at sun.reflect.NativeMethodAccessorImpl.invoke0(Native Method)
	at sun.reflect.NativeMethodAccessorImpl.invoke(Unknown Source)
	at sun.reflect.DelegatingMethodAccessorImpl.invoke(Unknown Source)
	at java.lang.reflect.Method.invoke(Unknown Source)
	at org.eclipse.jdt.internal.jarinjarloader.JarRsrcLoader.main(JarRsrcLoader.java:58)
Caused by: weblogic.deploy.api.spi.exceptions.ServerConnectionException: t3://cu-env-wls-3.eastus.cloudapp.azure.com:7001: Destination 52.170.213.186, 7001 unreachable; nested exception is: 
	java.net.ConnectException: Connection timed out: connect; No available router to destination
	at weblogic.deploy.api.spi.deploy.internal.ServerConnectionImpl.init(ServerConnectionImpl.java:144)
	at weblogic.deploy.api.spi.deploy.WebLogicDeploymentManagerImpl.getNewConnection(WebLogicDeploymentManagerImpl.java:164)
	at weblogic.deploy.api.spi.deploy.WebLogicDeploymentManagerImpl.<init>(WebLogicDeploymentManagerImpl.java:134)
	... 10 more
Caused by: javax.naming.CommunicationException: t3://cu-env-wls-3.eastus.cloudapp.azure.com:7001: Destination 52.170.213.186, 7001 unreachable; nested exception is: 
	java.net.ConnectException: Connection timed out: connect; No available router to destination [Root exception is java.net.ConnectException: t3://cu-env-wls-3.eastus.cloudapp.azure.com:7001: Destination 52.170.213.186, 7001 unreachable; nested exception is: 
	java.net.ConnectException: Connection timed out: connect; No available router to destination]
	at weblogic.jndi.internal.ExceptionTranslator.toNamingException(ExceptionTranslator.java:40)
	at weblogic.jndi.WLInitialContextFactoryDelegate.toNamingException(WLInitialContextFactoryDelegate.java:808)
	at weblogic.jndi.WLInitialContextFactoryDelegate.getInitialContext(WLInitialContextFactoryDelegate.java:363)
	at weblogic.jndi.Environment.getContext(Environment.java:319)
	at weblogic.jndi.Environment.getContext(Environment.java:288)
	at weblogic.jndi.Environment.createInitialContext(Environment.java:211)
	at weblogic.jndi.Environment.getInitialContext(Environment.java:195)
	at weblogic.jndi.Environment.getInitialContext(Environment.java:173)
	at weblogic.deploy.api.spi.deploy.internal.ServerConnectionImpl.getContext(ServerConnectionImpl.java:337)
	at weblogic.deploy.api.spi.deploy.internal.ServerConnectionImpl.getEnvironment(ServerConnectionImpl.java:309)
	at weblogic.deploy.api.spi.deploy.internal.ServerConnectionImpl.init(ServerConnectionImpl.java:142)
	... 12 more
Caused by: java.net.ConnectException: t3://cu-env-wls-3.eastus.cloudapp.azure.com:7001: Destination 52.170.213.186, 7001 unreachable; nested exception is: 
	java.net.ConnectException: Connection timed out: connect; No available router to destination
	at weblogic.rjvm.RJVMFinder.findOrCreateInternal(RJVMFinder.java:241)
	at weblogic.rjvm.RJVMFinder.findOrCreate(RJVMFinder.java:169)
	at weblogic.rjvm.ServerURL.findOrCreateRJVM(ServerURL.java:177)
	at weblogic.jndi.WLInitialContextFactoryDelegate$1.run(WLInitialContextFactoryDelegate.java:342)
	at weblogic.security.acl.internal.AuthenticatedSubject.doAs(AuthenticatedSubject.java:363)
	at weblogic.security.service.SecurityManager.runAs(SecurityManager.java:146)
	at weblogic.jndi.WLInitialContextFactoryDelegate.getInitialContext(WLInitialContextFactoryDelegate.java:337)
	... 20 more
Caused by: java.rmi.ConnectException: Destination 52.170.213.186, 7001 unreachable; nested exception is: 
	java.net.ConnectException: Connection timed out: connect; No available router to destination
	at weblogic.rjvm.ConnectionManager.bootstrap(ConnectionManager.java:490)
	at weblogic.rjvm.ConnectionManager.bootstrap(ConnectionManager.java:328)
	at weblogic.rjvm.RJVMManager.findOrCreateRemoteInternal(RJVMManager.java:300)
	at weblogic.rjvm.RJVMManager.findOrCreate(RJVMManager.java:204)
	at weblogic.rjvm.RJVMFinder.findOrCreateRemoteServer(RJVMFinder.java:263)
	at weblogic.rjvm.RJVMFinder.findOrCreateInternal(RJVMFinder.java:225)
	... 26 more
